-------------------------------------------------------------------------------
Test set: br.com.marcus.dev.personal.professional.apresentation.services.professionalexperience.FindByIdProfessionalExperienceServiceTest
-------------------------------------------------------------------------------
Tests run: 6, Failures: 0, Errors: 0, Skipped: 0, Time elapsed: 0.073 s - in br.com.marcus.dev.personal.professional.apresentation.services.professionalexperience.FindByIdProfessionalExperienceServiceTest
